# JRE version: Java(TM) SE Runtime Environment (8.0_25-b17) (build 1.8.0_25-b17)
# Java VM: Java HotSpot(TM) 64-Bit Server VM (25.25-b02 mixed mode linux-amd64 compressed oops)
Heap:
 PSYoungGen      total 68608K, used 36532K [0x00000000d7380000, 0x00000000dbb80000, 0x0000000100000000)
  eden space 63488K, 51% used [0x00000000d7380000,0x00000000d93621d8,0x00000000db180000)
  from space 5120K, 75% used [0x00000000db680000,0x00000000dba4b1e0,0x00000000dbb80000)
  to   space 5120K, 0% used [0x00000000db180000,0x00000000db180000,0x00000000db680000)
 ParOldGen       total 84992K, used 96K [0x0000000085a00000, 0x000000008ad00000, 0x00000000d7380000)
  object space 84992K, 0% used [0x0000000085a00000,0x0000000085a18010,0x000000008ad00000)
 Metaspace       used 12447K, capacity 12750K, committed 12928K, reserved 1060864K
  class space    used 1535K, capacity 1623K, committed 1664K, reserved 1048576K
GC Heap History (8 events):
Event: 0,582 GC heap before
{Heap before GC invocations=1 (full 0):
 PSYoungGen      total 36864K, used 31744K [0x00000000d7380000, 0x00000000d9c80000, 0x0000000100000000)
  eden space 31744K, 100% used [0x00000000d7380000,0x00000000d9280000,0x00000000d9280000)
  from space 5120K, 0% used [0x00000000d9780000,0x00000000d9780000,0x00000000d9c80000)
  to   space 5120K, 0% used [0x00000000d9280000,0x00000000d9280000,0x00000000d9780000)
 ParOldGen       total 84992K, used 0K [0x0000000085a00000, 0x000000008ad00000, 0x00000000d7380000)
  object space 84992K, 0% used [0x0000000085a00000,0x0000000085a00000,0x000000008ad00000)
 Metaspace       used 6371K, capacity 6694K, committed 6784K, reserved 1056768K
  class space    used 794K, capacity 850K, committed 896K, reserved 1048576K
Event: 0,584 GC heap after
Heap after GC invocations=1 (full 0):
 PSYoungGen      total 36864K, used 3829K [0x00000000d7380000, 0x00000000d9c80000, 0x0000000100000000)
  eden space 31744K, 0% used [0x00000000d7380000,0x00000000d7380000,0x00000000d9280000)
  from space 5120K, 74% used [0x00000000d9280000,0x00000000d963d438,0x00000000d9780000)
  to   space 5120K, 0% used [0x00000000d9780000,0x00000000d9780000,0x00000000d9c80000)
 ParOldGen       total 84992K, used 72K [0x0000000085a00000, 0x000000008ad00000, 0x00000000d7380000)
  object space 84992K, 0% used [0x0000000085a00000,0x0000000085a12010,0x000000008ad00000)
 Metaspace       used 6371K, capacity 6694K, committed 6784K, reserved 1056768K
  class space    used 794K, capacity 850K, committed 896K, reserved 1048576K
}
Event: 0,748 GC heap before
{Heap before GC invocations=2 (full 0):
 PSYoungGen      total 36864K, used 35573K [0x00000000d7380000, 0x00000000d9c80000, 0x0000000100000000)
  eden space 31744K, 100% used [0x00000000d7380000,0x00000000d9280000,0x00000000d9280000)
  from space 5120K, 74% used [0x00000000d9280000,0x00000000d963d438,0x00000000d9780000)
  to   space 5120K, 0% used [0x00000000d9780000,0x00000000d9780000,0x00000000d9c80000)
 ParOldGen       total 84992K, used 72K [0x0000000085a00000, 0x000000008ad00000, 0x00000000d7380000)
  object space 84992K, 0% used [0x0000000085a00000,0x0000000085a12010,0x000000008ad00000)
 Metaspace       used 8154K, capacity 8284K, committed 8576K, reserved 1056768K
  class space    used 1026K, capacity 1076K, committed 1152K, reserved 1048576K
Event: 0,751 GC heap after
Heap after GC invocations=2 (full 0):
 PSYoungGen      total 36864K, used 3345K [0x00000000d7380000, 0x00000000d9c80000, 0x0000000100000000)
  eden space 31744K, 0% used [0x00000000d7380000,0x00000000d7380000,0x00000000d9280000)
  from space 5120K, 65% used [0x00000000d9780000,0x00000000d9ac4798,0x00000000d9c80000)
  to   space 5120K, 0% used [0x00000000d9280000,0x00000000d9280000,0x00000000d9780000)
 ParOldGen       total 84992K, used 80K [0x0000000085a00000, 0x000000008ad00000, 0x00000000d7380000)
  object space 84992K, 0% used [0x0000000085a00000,0x0000000085a14010,0x000000008ad00000)
 Metaspace       used 8154K, capacity 8284K, committed 8576K, reserved 1056768K
  class space    used 1026K, capacity 1076K, committed 1152K, reserved 1048576K
}
Event: 1,087 GC heap before
{Heap before GC invocations=3 (full 0):
 PSYoungGen      total 36864K, used 35089K [0x00000000d7380000, 0x00000000d9c80000, 0x0000000100000000)
  eden space 31744K, 100% used [0x00000000d7380000,0x00000000d9280000,0x00000000d9280000)
  from space 5120K, 65% used [0x00000000d9780000,0x00000000d9ac4798,0x00000000d9c80000)
  to   space 5120K, 0% used [0x00000000d9280000,0x00000000d9280000,0x00000000d9780000)
 ParOldGen       total 84992K, used 80K [0x0000000085a00000, 0x000000008ad00000, 0x00000000d7380000)
  object space 84992K, 0% used [0x0000000085a00000,0x0000000085a14010,0x000000008ad00000)
 Metaspace       used 9436K, capacity 9582K, committed 9728K, reserved 1058816K
  class space    used 1199K, capacity 1207K, committed 1280K, reserved 1048576K
Event: 1,096 GC heap after
Heap after GC invocations=3 (full 0):
 PSYoungGen      total 36864K, used 3468K [0x00000000d7380000, 0x00000000dbb80000, 0x0000000100000000)
  eden space 31744K, 0% used [0x00000000d7380000,0x00000000d7380000,0x00000000d9280000)
  from space 5120K, 67% used [0x00000000d9280000,0x00000000d95e3258,0x00000000d9780000)
  to   space 5120K, 0% used [0x00000000db680000,0x00000000db680000,0x00000000dbb80000)
 ParOldGen       total 84992K, used 88K [0x0000000085a00000, 0x000000008ad00000, 0x00000000d7380000)
  object space 84992K, 0% used [0x0000000085a00000,0x0000000085a16010,0x000000008ad00000)
 Metaspace       used 9436K, capacity 9582K, committed 9728K, reserved 1058816K
  class space    used 1199K, capacity 1207K, committed 1280K, reserved 1048576K
}
Event: 1,320 GC heap before
{Heap before GC invocations=4 (full 0):
 PSYoungGen      total 36864K, used 35212K [0x00000000d7380000, 0x00000000dbb80000, 0x0000000100000000)
  eden space 31744K, 100% used [0x00000000d7380000,0x00000000d9280000,0x00000000d9280000)
  from space 5120K, 67% used [0x00000000d9280000,0x00000000d95e3258,0x00000000d9780000)
  to   space 5120K, 0% used [0x00000000db680000,0x00000000db680000,0x00000000dbb80000)
 ParOldGen       total 84992K, used 88K [0x0000000085a00000, 0x000000008ad00000, 0x00000000d7380000)
  object space 84992K, 0% used [0x0000000085a00000,0x0000000085a16010,0x000000008ad00000)
 Metaspace       used 10776K, capacity 10980K, committed 11264K, reserved 1058816K
  class space    used 1357K, capacity 1440K, committed 1536K, reserved 1048576K
Event: 1,323 GC heap after
Heap after GC invocations=4 (full 0):
 PSYoungGen      total 68608K, used 3884K [0x00000000d7380000, 0x00000000dbb80000, 0x0000000100000000)
  eden space 63488K, 0% used [0x00000000d7380000,0x00000000d7380000,0x00000000db180000)
  from space 5120K, 75% used [0x00000000db680000,0x00000000dba4b1e0,0x00000000dbb80000)
  to   space 5120K, 0% used [0x00000000db180000,0x00000000db180000,0x00000000db680000)
 ParOldGen       total 84992K, used 96K [0x0000000085a00000, 0x000000008ad00000, 0x00000000d7380000)
  object space 84992K, 0% used [0x0000000085a00000,0x0000000085a18010,0x000000008ad00000)
 Metaspace       used 10776K, capacity 10980K, committed 11264K, reserved 1058816K
  class space    used 1357K, capacity 1440K, committed 1536K, reserved 1048576K
}

